<?xml version="1.0" encoding="UTF-8"?>
<!-- Generated by org.testng.reporters.JUnitReportReporter -->
<testsuite skipped="0" hostname="Pratyus-MacBook-Pro.local" name="LandlordTest.GetAllLandlords_beforeAdding" tests="1" failures="0" timestamp="16 Nov 2018 19:08:23 GMT" time="1.307" errors="0">
  <testcase name="getAllLandlords_empty_db" time="1.307" classname="LandlordTest.GetAllLandlords_beforeAdding"/>
</testsuite> <!-- LandlordTest.GetAllLandlords_beforeAdding -->
