<?xml version="1.0" encoding="UTF-8"?>
<!-- Generated by org.testng.reporters.JUnitReportReporter -->
<testsuite skipped="0" hostname="Pratyus-MacBook-Pro.local" name="LandlordTest.dummy" tests="1" failures="0" timestamp="16 Nov 2018 21:53:15 GMT" time="1.712" errors="0">
  <testcase name="q2_add_lanlord_usingPOJO" time="1.712" classname="LandlordTest.dummy"/>
</testsuite> <!-- LandlordTest.dummy -->
