<?xml version="1.0" encoding="UTF-8"?>
<!-- Generated by org.testng.reporters.JUnitReportReporter -->
<testsuite skipped="0" hostname="Pratyus-MacBook-Pro.local" name="LandlordTest.Scripts" tests="5" failures="0" timestamp="16 Nov 2018 22:39:32 GMT" time="2.397" errors="0">
  <testcase name="q1_getAllLandlords_empty_db" time="1.077" classname="LandlordTest.Scripts"/>
  <testcase name="q2_add_lanlord_usingPOJO" time="1.082" classname="LandlordTest.Scripts"/>
  <testcase name="q3_edit_lanlord" time="0.167" classname="LandlordTest.Scripts"/>
  <testcase name="q4_invalid_edit_landlord" time="0.029" classname="LandlordTest.Scripts"/>
  <testcase name="q5_get_landlord_by_id" time="0.042" classname="LandlordTest.Scripts"/>
</testsuite> <!-- LandlordTest.Scripts -->
