<?xml version="1.0" encoding="UTF-8"?>
<!-- Generated by org.testng.reporters.JUnitReportReporter -->
<testsuite hostname="Pratyus-MacBook-Pro.local" failures="0" tests="1" name="testing.TestScripts" time="0.010" errors="0" timestamp="18 Oct 2018 07:19:58 GMT" skipped="0">
  <testcase classname="testing.TestScripts" name="print" time="0.010"/>
</testsuite> <!-- testing.TestScripts -->
