<?xml version="1.0" encoding="UTF-8"?>
<!-- Generated by org.testng.reporters.JUnitReportReporter -->
<testsuite hostname="Pratyus-MacBook-Pro.local" failures="0" tests="2" name="scripts.TestScripts" time="19.943" errors="0" timestamp="18 Oct 2018 23:28:05 GMT" skipped="0">
  <testcase classname="scripts.TestScripts" name="TC03_CheckRememberMe" time="15.688"/>
  <testcase classname="scripts.TestScripts" name="TC01_LoginErrorMessage" time="4.255"/>
</testsuite> <!-- scripts.TestScripts -->
